nohup: ввод игнорируется

> slovor-mp@1.0.0 dev
> next dev

▲ Next.js 16.1.4 (Turbopack)
- Local:         http://localhost:3000
- Network:       http://172.31.78.135:3000
- Environments: .env.local
- Experiments (use with caution):
  · optimizePackageImports

✓ Starting...
⚠ The "middleware" file convention is deprecated. Please use "proxy" instead. Learn more: https://nextjs.org/docs/messages/middleware-to-proxy
✓ Ready in 2s
○ Compiling /[locale] ...
>>> RENDER HOMEPAGE <<<
AuthProvider: RENDER. URL: https://hnkhwvhjwygolvwvxnor.supabase.co Key length: 208
 GET /en 200 in 10.1s (compile: 8.5s, proxy.ts: 11ms, render: 1600ms)
>>> RENDER HOMEPAGE <<<
AuthProvider: RENDER. URL: https://hnkhwvhjwygolvwvxnor.supabase.co Key length: 208
 GET /en 200 in 1401ms (compile: 690ms, proxy.ts: 9ms, render: 701ms)
Error: Route "/[locale]/[slug]" used `params.slug`. `params` is a Promise and must be unwrapped with `await` or `React.use()` before accessing its properties. Learn more: https://nextjs.org/docs/messages/sync-dynamic-apis
    at PublicStaticPage (app/[locale]/(main)/[slug]/page.tsx:14:13)
  12 |
  13 | export default async function PublicStaticPage({ params }: StaticPageProps) {
> 14 |     const { slug } = params
     |             ^
  15 |
  16 |     // Fetch page from database
  17 |     const { data: page, error } = await pagesApi.getBySlug(slug)
AuthProvider: RENDER. URL: https://hnkhwvhjwygolvwvxnor.supabase.co Key length: 208
[ERROR][pagesApi.getBySlug][server]: {
  code: 'PGRST116',
  details: 'The result contains 0 rows',
  hint: null,
  message: 'Cannot coerce the result to a single JSON object'
}
 GET /en/dashboard 404 in 2.8s (compile: 2.3s, proxy.ts: 126ms, render: 421ms)
 GET /api/geo 200 in 745ms (compile: 657ms, render: 87ms)
 GET /api/exchange-rates 200 in 748ms (compile: 701ms, render: 46ms)
Exchange rate API failed, using fallback rates.
AuthProvider: RENDER. URL: https://hnkhwvhjwygolvwvxnor.supabase.co Key length: 208
DashboardLayout: Fetching stats for user 522f621e-3e70-40bc-b312-81ba9a105170
getDashboardStats: Starting Promise.all for user 522f621e-3e70-40bc-b312-81ba9a105170
getDashboardStats: Starting Promise.all for user 522f621e-3e70-40bc-b312-81ba9a105170
getDashboardStats: Done
getDashboardStats: Done
DashboardLayout: Stats fetched successfully
DashboardOverviewPage: Fetching listings for user 522f621e-3e70-40bc-b312-81ba9a105170
DashboardOverviewPage: Listings fetched successfully
DashboardOverviewPage: Rendering UI
 GET /en/profile/overview 200 in 4.5s (compile: 2.4s, proxy.ts: 144ms, render: 2.0s)
>>> RENDER HOMEPAGE <<<
AuthProvider: RENDER. URL: https://hnkhwvhjwygolvwvxnor.supabase.co Key length: 208
 GET /noise.png 200 in 1019ms (compile: 118ms, render: 900ms)
Exchange rate API failed, using fallback rates.
 GET /api/exchange-rates 200 in 50ms (compile: 7ms, render: 43ms)
 GET /api/geo 200 in 75ms (compile: 64ms, render: 12ms)
>>> RENDER HOMEPAGE <<<
AuthProvider: RENDER. URL: https://hnkhwvhjwygolvwvxnor.supabase.co Key length: 208
 GET /en 200 in 593ms (compile: 65ms, proxy.ts: 5ms, render: 524ms)
>>> RENDER HOMEPAGE <<<
AuthProvider: RENDER. URL: https://hnkhwvhjwygolvwvxnor.supabase.co Key length: 208
 GET /en 200 in 454ms (compile: 56ms, proxy.ts: 5ms, render: 393ms)
Error: Route "/[locale]/[slug]" used `params.slug`. `params` is a Promise and must be unwrapped with `await` or `React.use()` before accessing its properties. Learn more: https://nextjs.org/docs/messages/sync-dynamic-apis
    at PublicStaticPage (app/[locale]/(main)/[slug]/page.tsx:14:13)
  12 |
  13 | export default async function PublicStaticPage({ params }: StaticPageProps) {
> 14 |     const { slug } = params
     |             ^
  15 |
  16 |     // Fetch page from database
  17 |     const { data: page, error } = await pagesApi.getBySlug(slug)
AuthProvider: RENDER. URL: https://hnkhwvhjwygolvwvxnor.supabase.co Key length: 208
[ERROR][pagesApi.getBySlug][server]: {
  code: 'PGRST116',
  details: 'The result contains 0 rows',
  hint: null,
  message: 'Cannot coerce the result to a single JSON object'
}
 GET /en/dashboard 404 in 580ms (compile: 63ms, proxy.ts: 271ms, render: 246ms)
Exchange rate API failed, using fallback rates.
 GET /api/exchange-rates 200 in 18ms (compile: 5ms, render: 13ms)
 GET /api/geo 200 in 27ms (compile: 19ms, render: 7ms)
AuthProvider: RENDER. URL: https://hnkhwvhjwygolvwvxnor.supabase.co Key length: 208
DashboardLayout: Fetching stats for user 522f621e-3e70-40bc-b312-81ba9a105170
getDashboardStats: Starting Promise.all for user 522f621e-3e70-40bc-b312-81ba9a105170
getDashboardStats: Starting Promise.all for user 522f621e-3e70-40bc-b312-81ba9a105170
getDashboardStats: Done
getDashboardStats: Done
DashboardLayout: Stats fetched successfully
DashboardOverviewPage: Fetching listings for user 522f621e-3e70-40bc-b312-81ba9a105170
DashboardOverviewPage: Listings fetched successfully
DashboardOverviewPage: Rendering UI
 GET /en/profile/overview 200 in 1903ms (compile: 54ms, proxy.ts: 259ms, render: 1590ms)
>>> RENDER HOMEPAGE <<<
AuthProvider: RENDER. URL: https://hnkhwvhjwygolvwvxnor.supabase.co Key length: 208
 GET /noise.png 200 in 580ms (compile: 57ms, render: 523ms)
Exchange rate API failed, using fallback rates.
 GET /api/exchange-rates 200 in 15ms (compile: 5ms, render: 10ms)
 GET /api/geo 200 in 11ms (compile: 3ms, render: 8ms)
>>> RENDER HOMEPAGE <<<
AuthProvider: RENDER. URL: https://hnkhwvhjwygolvwvxnor.supabase.co Key length: 208
 GET /en 200 in 531ms (compile: 51ms, proxy.ts: 5ms, render: 476ms)
>>> RENDER HOMEPAGE <<<
AuthProvider: RENDER. URL: https://hnkhwvhjwygolvwvxnor.supabase.co Key length: 208
 GET /en 200 in 439ms (compile: 56ms, proxy.ts: 4ms, render: 379ms)
Error: Route "/[locale]/[slug]" used `params.slug`. `params` is a Promise and must be unwrapped with `await` or `React.use()` before accessing its properties. Learn more: https://nextjs.org/docs/messages/sync-dynamic-apis
    at PublicStaticPage (app/[locale]/(main)/[slug]/page.tsx:14:13)
  12 |
  13 | export default async function PublicStaticPage({ params }: StaticPageProps) {
> 14 |     const { slug } = params
     |             ^
  15 |
  16 |     // Fetch page from database
  17 |     const { data: page, error } = await pagesApi.getBySlug(slug)
AuthProvider: RENDER. URL: https://hnkhwvhjwygolvwvxnor.supabase.co Key length: 208
[ERROR][pagesApi.getBySlug][server]: {
  code: 'PGRST116',
  details: 'The result contains 0 rows',
  hint: null,
  message: 'Cannot coerce the result to a single JSON object'
}
 GET /en/dashboard 404 in 364ms (compile: 60ms, proxy.ts: 103ms, render: 201ms)
Exchange rate API failed, using fallback rates.
 GET /api/exchange-rates 200 in 13ms (compile: 4ms, render: 9ms)
 GET /api/geo 200 in 20ms (compile: 12ms, render: 8ms)
AuthProvider: RENDER. URL: https://hnkhwvhjwygolvwvxnor.supabase.co Key length: 208
AuthProvider: RENDER. URL: https://hnkhwvhjwygolvwvxnor.supabase.co Key length: 208
AuthProvider: RENDER. URL: https://hnkhwvhjwygolvwvxnor.supabase.co Key length: 208
DashboardLayout: Fetching stats for user 522f621e-3e70-40bc-b312-81ba9a105170
getDashboardStats: Starting Promise.all for user 522f621e-3e70-40bc-b312-81ba9a105170
getDashboardStats: Starting Promise.all for user 522f621e-3e70-40bc-b312-81ba9a105170
DashboardLayout: Fetching stats for user 522f621e-3e70-40bc-b312-81ba9a105170
getDashboardStats: Starting Promise.all for user 522f621e-3e70-40bc-b312-81ba9a105170
getDashboardStats: Starting Promise.all for user 522f621e-3e70-40bc-b312-81ba9a105170
DashboardLayout: Fetching stats for user 522f621e-3e70-40bc-b312-81ba9a105170
getDashboardStats: Starting Promise.all for user 522f621e-3e70-40bc-b312-81ba9a105170
getDashboardStats: Starting Promise.all for user 522f621e-3e70-40bc-b312-81ba9a105170
getDashboardStats: Done
getDashboardStats: Done
DashboardLayout: Stats fetched successfully
DashboardOverviewPage: Fetching listings for user 522f621e-3e70-40bc-b312-81ba9a105170
getDashboardStats: Done
getDashboardStats: Done
DashboardLayout: Stats fetched successfully
DashboardOverviewPage: Fetching listings for user 522f621e-3e70-40bc-b312-81ba9a105170
getDashboardStats: Done
getDashboardStats: Done
DashboardLayout: Stats fetched successfully
DashboardOverviewPage: Fetching listings for user 522f621e-3e70-40bc-b312-81ba9a105170
DashboardOverviewPage: Listings fetched successfully
DashboardOverviewPage: Rendering UI
DashboardOverviewPage: Listings fetched successfully
DashboardOverviewPage: Rendering UI
DashboardOverviewPage: Listings fetched successfully
DashboardOverviewPage: Rendering UI
>>> RENDER HOMEPAGE <<<
AuthProvider: RENDER. URL: https://hnkhwvhjwygolvwvxnor.supabase.co Key length: 208
 GET /en/profile/overview 200 in 3.5s (compile: 53ms, proxy.ts: 164ms, render: 3.3s)
 GET /noise.png 200 in 1003ms (compile: 196ms, render: 807ms)
>>> RENDER HOMEPAGE <<<
AuthProvider: RENDER. URL: https://hnkhwvhjwygolvwvxnor.supabase.co Key length: 208
Exchange rate API failed, using fallback rates.
 GET /api/exchange-rates 200 in 59ms (compile: 19ms, render: 39ms)
 GET /api/geo 200 in 69ms (compile: 60ms, render: 8ms)
>>> RENDER HOMEPAGE <<<
AuthProvider: RENDER. URL: https://hnkhwvhjwygolvwvxnor.supabase.co Key length: 208
 GET /en/profile/overview 200 in 5.1s (compile: 11ms, proxy.ts: 277ms, render: 4.8s)
Exchange rate API failed, using fallback rates.
 GET /api/exchange-rates 200 in 24ms (compile: 15ms, render: 9ms)
 GET /api/geo 200 in 38ms (compile: 25ms, render: 13ms)
 GET /noise.png 200 in 1251ms (compile: 60ms, render: 1191ms)
>>> RENDER HOMEPAGE <<<
 GET /en/profile/overview 200 in 5.6s (compile: 42ms, proxy.ts: 277ms, render: 5.2s)
>>> RENDER HOMEPAGE <<<
Exchange rate API failed, using fallback rates.
 GET /api/exchange-rates 200 in 43ms (compile: 18ms, render: 25ms)
 GET /api/geo 200 in 69ms (compile: 58ms, render: 11ms)
 GET /noise.png 200 in 2.3s (compile: 163ms, render: 2.2s)
>>> RENDER HOMEPAGE <<<
 GET /en 200 in 1984ms (compile: 110ms, proxy.ts: 33ms, render: 1840ms)
>>> RENDER HOMEPAGE <<<
 GET /en 200 in 260ms (compile: 18ms, proxy.ts: 14ms, render: 229ms)
 GET /en 200 in 693ms (compile: 193ms, proxy.ts: 17ms, render: 483ms)
 GET /en 200 in 2.7s (compile: 156ms, proxy.ts: 13ms, render: 2.5s)
○ Compiling /[locale]/auth/login ...
 GET /en/auth/login 200 in 4.2s (compile: 4.0s, proxy.ts: 27ms, render: 183ms)
 GET /en/auth/login 200 in 151ms (compile: 64ms, proxy.ts: 5ms, render: 82ms)
>>> RENDER HOMEPAGE <<<
AuthProvider: RENDER. URL: https://hnkhwvhjwygolvwvxnor.supabase.co Key length: 208
 GET /en 200 in 338ms (compile: 96ms, proxy.ts: 7ms, render: 234ms)
 GET /en/auth/login 200 in 315ms (compile: 12ms, proxy.ts: 5ms, render: 298ms)
Exchange rate API failed, using fallback rates.
 GET /api/exchange-rates 200 in 11ms (compile: 4ms, render: 7ms)
 GET /api/geo 200 in 16ms (compile: 12ms, render: 4ms)
✓ Compiled in 118ms
>>> RENDER HOMEPAGE <<<
AuthProvider: RENDER. URL: https://hnkhwvhjwygolvwvxnor.supabase.co Key length: 208
 GET /en 200 in 482ms (compile: 67ms, proxy.ts: 4ms, render: 411ms)
>>> RENDER HOMEPAGE <<<
AuthProvider: RENDER. URL: https://hnkhwvhjwygolvwvxnor.supabase.co Key length: 208
 GET /en 200 in 332ms (compile: 11ms, proxy.ts: 3ms, render: 318ms)
Error: Route "/[locale]/[slug]" used `params.slug`. `params` is a Promise and must be unwrapped with `await` or `React.use()` before accessing its properties. Learn more: https://nextjs.org/docs/messages/sync-dynamic-apis
    at PublicStaticPage (app/[locale]/(main)/[slug]/page.tsx:14:13)
  12 |
  13 | export default async function PublicStaticPage({ params }: StaticPageProps) {
> 14 |     const { slug } = params
     |             ^
  15 |
  16 |     // Fetch page from database
  17 |     const { data: page, error } = await pagesApi.getBySlug(slug)
AuthProvider: RENDER. URL: https://hnkhwvhjwygolvwvxnor.supabase.co Key length: 208
[ERROR][pagesApi.getBySlug][server]: {
  code: 'PGRST116',
  details: 'The result contains 0 rows',
  hint: null,
  message: 'Cannot coerce the result to a single JSON object'
}
 GET /en/dashboard 404 in 426ms (compile: 70ms, proxy.ts: 127ms, render: 229ms)
Exchange rate API failed, using fallback rates.
 GET /api/exchange-rates 200 in 14ms (compile: 5ms, render: 9ms)
 GET /api/geo 200 in 22ms (compile: 17ms, render: 5ms)
AuthProvider: RENDER. URL: https://hnkhwvhjwygolvwvxnor.supabase.co Key length: 208
DashboardLayout: Fetching stats for user 522f621e-3e70-40bc-b312-81ba9a105170
getDashboardStats: Starting Promise.all for user 522f621e-3e70-40bc-b312-81ba9a105170
getDashboardStats: Starting Promise.all for user 522f621e-3e70-40bc-b312-81ba9a105170
AuthProvider: RENDER. URL: https://hnkhwvhjwygolvwvxnor.supabase.co Key length: 208
AuthProvider: RENDER. URL: https://hnkhwvhjwygolvwvxnor.supabase.co Key length: 208
DashboardLayout: Fetching stats for user 522f621e-3e70-40bc-b312-81ba9a105170
getDashboardStats: Starting Promise.all for user 522f621e-3e70-40bc-b312-81ba9a105170
getDashboardStats: Starting Promise.all for user 522f621e-3e70-40bc-b312-81ba9a105170
DashboardLayout: Fetching stats for user 522f621e-3e70-40bc-b312-81ba9a105170
getDashboardStats: Starting Promise.all for user 522f621e-3e70-40bc-b312-81ba9a105170
getDashboardStats: Starting Promise.all for user 522f621e-3e70-40bc-b312-81ba9a105170
getDashboardStats: Done
getDashboardStats: Done
DashboardLayout: Stats fetched successfully
DashboardOverviewPage: Fetching listings for user 522f621e-3e70-40bc-b312-81ba9a105170
getDashboardStats: Done
getDashboardStats: Done
DashboardLayout: Stats fetched successfully
DashboardOverviewPage: Fetching listings for user 522f621e-3e70-40bc-b312-81ba9a105170
getDashboardStats: Done
getDashboardStats: Done
DashboardLayout: Stats fetched successfully
DashboardOverviewPage: Fetching listings for user 522f621e-3e70-40bc-b312-81ba9a105170
DashboardOverviewPage: Listings fetched successfully
DashboardOverviewPage: Rendering UI
>>> RENDER HOMEPAGE <<<
AuthProvider: RENDER. URL: https://hnkhwvhjwygolvwvxnor.supabase.co Key length: 208
 GET /en/profile/overview 200 in 3.7s (compile: 213ms, proxy.ts: 106ms, render: 3.4s)
DashboardOverviewPage: Listings fetched successfully
DashboardOverviewPage: Rendering UI
DashboardOverviewPage: Listings fetched successfully
DashboardOverviewPage: Rendering UI
Exchange rate API failed, using fallback rates.
 GET /api/exchange-rates 200 in 51ms (compile: 30ms, render: 21ms)
 GET /api/geo 200 in 77ms (compile: 53ms, render: 25ms)
 GET /noise.png 200 in 839ms (compile: 101ms, render: 739ms)
>>> RENDER HOMEPAGE <<<
AuthProvider: RENDER. URL: https://hnkhwvhjwygolvwvxnor.supabase.co Key length: 208
>>> RENDER HOMEPAGE <<<
AuthProvider: RENDER. URL: https://hnkhwvhjwygolvwvxnor.supabase.co Key length: 208
 GET /en/profile/overview 200 in 7.0s (compile: 90ms, proxy.ts: 883ms, render: 6.0s)
 GET /en/profile/overview 200 in 7.0s (compile: 208ms, proxy.ts: 916ms, render: 5.9s)
 GET /noise.png 200 in 1031ms (compile: 270ms, render: 761ms)
Exchange rate API failed, using fallback rates.
 GET /api/exchange-rates 200 in 34ms (compile: 23ms, render: 11ms)
 GET /api/geo 200 in 44ms (compile: 40ms, render: 4ms)
Exchange rate API failed, using fallback rates.
 GET /api/exchange-rates 200 in 50ms (compile: 43ms, render: 7ms)
 GET /api/geo 200 in 51ms (compile: 46ms, render: 5ms)
 GET /noise.png 200 in 925ms (compile: 21ms, render: 903ms)
>>> RENDER HOMEPAGE <<<
>>> RENDER HOMEPAGE <<<
 GET /en 200 in 638ms (compile: 85ms, proxy.ts: 5ms, render: 548ms)
 GET /en/auth/login 200 in 419ms (compile: 121ms, proxy.ts: 16ms, render: 282ms)
 GET /en/auth/login 200 in 205ms (compile: 100ms, proxy.ts: 22ms, render: 82ms)
>>> RENDER HOMEPAGE <<<
 GET /en 200 in 754ms (compile: 18ms, proxy.ts: 23ms, render: 713ms)
AuthProvider: RENDER. URL: https://hnkhwvhjwygolvwvxnor.supabase.co Key length: 208
 GET /en 200 in 309ms (compile: 115ms, proxy.ts: 19ms, render: 176ms)
 GET /en/auth/login 200 in 246ms (compile: 124ms, proxy.ts: 11ms, render: 111ms)
Exchange rate API failed, using fallback rates.
 GET /api/exchange-rates 200 in 9ms (compile: 2ms, render: 7ms)
 GET /api/geo 200 in 19ms (compile: 15ms, render: 4ms)
>>> RENDER HOMEPAGE <<<
AuthProvider: RENDER. URL: https://hnkhwvhjwygolvwvxnor.supabase.co Key length: 208
 GET /en 200 in 514ms (compile: 66ms, proxy.ts: 5ms, render: 444ms)
>>> RENDER HOMEPAGE <<<
AuthProvider: RENDER. URL: https://hnkhwvhjwygolvwvxnor.supabase.co Key length: 208
 GET /en 200 in 403ms (compile: 22ms, proxy.ts: 4ms, render: 377ms)
Error: Route "/[locale]/[slug]" used `params.slug`. `params` is a Promise and must be unwrapped with `await` or `React.use()` before accessing its properties. Learn more: https://nextjs.org/docs/messages/sync-dynamic-apis
    at PublicStaticPage (app/[locale]/(main)/[slug]/page.tsx:14:13)
  12 |
  13 | export default async function PublicStaticPage({ params }: StaticPageProps) {
> 14 |     const { slug } = params
     |             ^
  15 |
  16 |     // Fetch page from database
  17 |     const { data: page, error } = await pagesApi.getBySlug(slug)
AuthProvider: RENDER. URL: https://hnkhwvhjwygolvwvxnor.supabase.co Key length: 208
[ERROR][pagesApi.getBySlug][server]: {
  code: 'PGRST116',
  details: 'The result contains 0 rows',
  hint: null,
  message: 'Cannot coerce the result to a single JSON object'
}
 GET /en/dashboard 404 in 557ms (compile: 70ms, proxy.ts: 107ms, render: 380ms)
Exchange rate API failed, using fallback rates.
 GET /api/exchange-rates 200 in 19ms (compile: 8ms, render: 11ms)
 GET /api/geo 200 in 30ms (compile: 23ms, render: 7ms)
AuthProvider: RENDER. URL: https://hnkhwvhjwygolvwvxnor.supabase.co Key length: 208
AuthProvider: RENDER. URL: https://hnkhwvhjwygolvwvxnor.supabase.co Key length: 208
DashboardLayout: Fetching stats for user 522f621e-3e70-40bc-b312-81ba9a105170
getDashboardStats: Starting Promise.all for user 522f621e-3e70-40bc-b312-81ba9a105170
getDashboardStats: Starting Promise.all for user 522f621e-3e70-40bc-b312-81ba9a105170
AuthProvider: RENDER. URL: https://hnkhwvhjwygolvwvxnor.supabase.co Key length: 208
AuthProvider: RENDER. URL: https://hnkhwvhjwygolvwvxnor.supabase.co Key length: 208
DashboardLayout: Fetching stats for user 522f621e-3e70-40bc-b312-81ba9a105170
getDashboardStats: Starting Promise.all for user 522f621e-3e70-40bc-b312-81ba9a105170
getDashboardStats: Starting Promise.all for user 522f621e-3e70-40bc-b312-81ba9a105170
DashboardLayout: Fetching stats for user 522f621e-3e70-40bc-b312-81ba9a105170
getDashboardStats: Starting Promise.all for user 522f621e-3e70-40bc-b312-81ba9a105170
getDashboardStats: Starting Promise.all for user 522f621e-3e70-40bc-b312-81ba9a105170
DashboardLayout: Fetching stats for user 522f621e-3e70-40bc-b312-81ba9a105170
getDashboardStats: Starting Promise.all for user 522f621e-3e70-40bc-b312-81ba9a105170
getDashboardStats: Starting Promise.all for user 522f621e-3e70-40bc-b312-81ba9a105170
getDashboardStats: Done
getDashboardStats: Done
DashboardLayout: Stats fetched successfully
DashboardOverviewPage: Fetching listings for user 522f621e-3e70-40bc-b312-81ba9a105170
getDashboardStats: Done
getDashboardStats: Done
DashboardLayout: Stats fetched successfully
DashboardOverviewPage: Fetching listings for user 522f621e-3e70-40bc-b312-81ba9a105170
getDashboardStats: Done
getDashboardStats: Done
DashboardLayout: Stats fetched successfully
DashboardOverviewPage: Fetching listings for user 522f621e-3e70-40bc-b312-81ba9a105170
getDashboardStats: Done
getDashboardStats: Done
DashboardLayout: Stats fetched successfully
DashboardOverviewPage: Fetching listings for user 522f621e-3e70-40bc-b312-81ba9a105170
DashboardOverviewPage: Listings fetched successfully
DashboardOverviewPage: Rendering UI
DashboardOverviewPage: Listings fetched successfully
DashboardOverviewPage: Rendering UI
>>> RENDER HOMEPAGE <<<
AuthProvider: RENDER. URL: https://hnkhwvhjwygolvwvxnor.supabase.co Key length: 208
DashboardOverviewPage: Listings fetched successfully
DashboardOverviewPage: Rendering UI
DashboardOverviewPage: Listings fetched successfully
DashboardOverviewPage: Rendering UI
>>> RENDER HOMEPAGE <<<
AuthProvider: RENDER. URL: https://hnkhwvhjwygolvwvxnor.supabase.co Key length: 208
 GET /en/profile/overview 200 in 4.6s (compile: 81ms, proxy.ts: 122ms, render: 4.4s)
Exchange rate API failed, using fallback rates.
 GET /api/exchange-rates 200 in 68ms (compile: 60ms, render: 8ms)
 GET /noise.png 200 in 1607ms (compile: 120ms, render: 1487ms)
 GET /api/geo 200 in 99ms (compile: 56ms, render: 43ms)
 GET /noise.png 200 in 1230ms (compile: 26ms, render: 1204ms)
 GET /en/profile/overview 200 in 5.6s (compile: 13ms, proxy.ts: 228ms, render: 5.3s)
Exchange rate API failed, using fallback rates.
 GET /api/exchange-rates 200 in 171ms (compile: 137ms, render: 34ms)
 GET /api/geo 200 in 214ms (compile: 188ms, render: 26ms)
>>> RENDER HOMEPAGE <<<
AuthProvider: RENDER. URL: https://hnkhwvhjwygolvwvxnor.supabase.co Key length: 208
>>> RENDER HOMEPAGE <<<
AuthProvider: RENDER. URL: https://hnkhwvhjwygolvwvxnor.supabase.co Key length: 208
 GET /api/geo 200 in 35ms (compile: 25ms, render: 10ms)
>>> RENDER HOMEPAGE <<<
 GET /noise.png 200 in 1833ms (compile: 473ms, render: 1359ms)
 GET /en/profile/overview 200 in 8.8s (compile: 88ms, proxy.ts: 309ms, render: 8.4s)
 GET /en/profile/overview 200 in 8.6s (compile: 150ms, proxy.ts: 169ms, render: 8.3s)
Exchange rate API failed, using fallback rates.
 GET /api/exchange-rates 200 in 61ms (compile: 46ms, render: 15ms)
 GET /api/geo 200 in 79ms (compile: 68ms, render: 12ms)
>>> RENDER HOMEPAGE <<<
Exchange rate API failed, using fallback rates.
 GET /api/exchange-rates 200 in 57ms (compile: 45ms, render: 13ms)
 GET /api/geo 200 in 100ms (compile: 73ms, render: 27ms)
 GET /en 200 in 1951ms (compile: 243ms, proxy.ts: 69ms, render: 1639ms)
>>> RENDER HOMEPAGE <<<
 GET /noise.png 200 in 2.7s (compile: 48ms, render: 2.7s)
 GET /en 200 in 1919ms (compile: 521ms, proxy.ts: 42ms, render: 1357ms)
>>> RENDER HOMEPAGE <<<
>>> RENDER HOMEPAGE <<<
 GET /en 200 in 637ms (compile: 305ms, proxy.ts: 26ms, render: 306ms)
 GET /en 200 in 1505ms (compile: 394ms, proxy.ts: 47ms, render: 1064ms)
 GET /en/auth/login 200 in 1895ms (compile: 532ms, proxy.ts: 80ms, render: 1282ms)
AuthProvider: RENDER. URL: https://hnkhwvhjwygolvwvxnor.supabase.co Key length: 208
AuthProvider: RENDER. URL: https://hnkhwvhjwygolvwvxnor.supabase.co Key length: 208
 GET /en/auth/login 200 in 1436ms (compile: 190ms, proxy.ts: 40ms, render: 1206ms)
 GET /en 200 in 964ms (compile: 368ms, proxy.ts: 42ms, render: 555ms)
AuthProvider: RENDER. URL: https://hnkhwvhjwygolvwvxnor.supabase.co Key length: 208
 GET /en/auth/login 200 in 1174ms (compile: 127ms, proxy.ts: 515ms, render: 533ms)
 GET /en/auth/login 200 in 701ms (compile: 155ms, proxy.ts: 14ms, render: 533ms)
 GET /en/auth/login 200 in 1396ms (compile: 78ms, proxy.ts: 169ms, render: 1150ms)
Exchange rate API failed, using fallback rates.
 GET /api/exchange-rates 200 in 32ms (compile: 15ms, render: 17ms)
 GET /api/geo 200 in 46ms (compile: 33ms, render: 13ms)
Exchange rate API failed, using fallback rates.
 GET /api/exchange-rates 200 in 13ms (compile: 9ms, render: 4ms)
 GET /api/geo 200 in 20ms (compile: 15ms, render: 5ms)
Exchange rate API failed, using fallback rates.
 GET /api/exchange-rates 200 in 22ms (compile: 5ms, render: 17ms)
 GET /api/geo 200 in 54ms (compile: 34ms, render: 20ms)
 POST /api/auth/log-access 200 in 906ms (compile: 652ms, render: 255ms)
 POST /api/auth/log-access 200 in 1386ms (compile: 1066ms, render: 319ms)
DashboardLayout: Fetching stats for user 522f621e-3e70-40bc-b312-81ba9a105170
getDashboardStats: Starting Promise.all for user 522f621e-3e70-40bc-b312-81ba9a105170
DashboardLayout: Fetching stats for user 522f621e-3e70-40bc-b312-81ba9a105170
getDashboardStats: Starting Promise.all for user 522f621e-3e70-40bc-b312-81ba9a105170
DashboardLayout: Fetching stats for user 522f621e-3e70-40bc-b312-81ba9a105170
getDashboardStats: Starting Promise.all for user 522f621e-3e70-40bc-b312-81ba9a105170
DashboardLayout: Fetching stats for user 522f621e-3e70-40bc-b312-81ba9a105170
getDashboardStats: Starting Promise.all for user 522f621e-3e70-40bc-b312-81ba9a105170
getDashboardStats: Done
DashboardLayout: Stats fetched successfully
getDashboardStats: Done
DashboardLayout: Stats fetched successfully
getDashboardStats: Done
DashboardLayout: Stats fetched successfully
 GET /en/profile 200 in 3.7s (compile: 1884ms, proxy.ts: 187ms, render: 1674ms)
 GET /en/profile 200 in 1580ms (compile: 30ms, proxy.ts: 370ms, render: 1180ms)
 GET /en/profile 200 in 4.1s (compile: 2.2s, proxy.ts: 208ms, render: 1693ms)
getDashboardStats: Done
DashboardLayout: Stats fetched successfully
 GET /en/profile 200 in 1677ms (compile: 95ms, proxy.ts: 193ms, render: 1389ms)
getDashboardStats: Starting Promise.all for user 522f621e-3e70-40bc-b312-81ba9a105170
getDashboardStats: Starting Promise.all for user 522f621e-3e70-40bc-b312-81ba9a105170
getDashboardStats: Starting Promise.all for user 522f621e-3e70-40bc-b312-81ba9a105170
getDashboardStats: Starting Promise.all for user 522f621e-3e70-40bc-b312-81ba9a105170
getDashboardStats: Done
DashboardOverviewPage: Fetching listings for user 522f621e-3e70-40bc-b312-81ba9a105170
getDashboardStats: Done
DashboardOverviewPage: Fetching listings for user 522f621e-3e70-40bc-b312-81ba9a105170
getDashboardStats: Done
DashboardOverviewPage: Fetching listings for user 522f621e-3e70-40bc-b312-81ba9a105170
getDashboardStats: Done
DashboardOverviewPage: Fetching listings for user 522f621e-3e70-40bc-b312-81ba9a105170
DashboardOverviewPage: Listings fetched successfully
DashboardOverviewPage: Rendering UI
DashboardOverviewPage: Listings fetched successfully
DashboardOverviewPage: Rendering UI
 GET /en/profile/overview 200 in 3.2s (compile: 68ms, proxy.ts: 866ms, render: 2.3s)
DashboardOverviewPage: Listings fetched successfully
DashboardOverviewPage: Rendering UI
 GET /en/profile/overview 200 in 3.3s (compile: 8ms, proxy.ts: 1002ms, render: 2.2s)
DashboardOverviewPage: Listings fetched successfully
DashboardOverviewPage: Rendering UI
 GET /en/profile/overview 200 in 2.5s (compile: 7ms, proxy.ts: 227ms, render: 2.2s)
 GET /en/profile/overview 200 in 2.3s (compile: 119ms, proxy.ts: 305ms, render: 1877ms)
>>> RENDER HOMEPAGE <<<
AuthProvider: RENDER. URL: https://hnkhwvhjwygolvwvxnor.supabase.co Key length: 208
>>> RENDER HOMEPAGE <<<
AuthProvider: RENDER. URL: https://hnkhwvhjwygolvwvxnor.supabase.co Key length: 208
 GET /noise.png 200 in 392ms (compile: 90ms, render: 302ms)
 GET /noise.png 200 in 613ms (compile: 7ms, render: 606ms)
 GET /api/geo 200 in 16ms (compile: 10ms, render: 6ms)
>>> RENDER HOMEPAGE <<<
>>> RENDER HOMEPAGE <<<
>>> RENDER HOMEPAGE <<<
>>> RENDER HOMEPAGE <<<
 GET /en 200 in 508ms (compile: 88ms, proxy.ts: 11ms, render: 408ms)
 GET /en 200 in 367ms (compile: 14ms, proxy.ts: 5ms, render: 348ms)
 GET /en 200 in 331ms (compile: 11ms, proxy.ts: 6ms, render: 314ms)
 GET /en 200 in 477ms (compile: 10ms, proxy.ts: 4ms, render: 462ms)
AuthProvider: RENDER. URL: https://hnkhwvhjwygolvwvxnor.supabase.co Key length: 208
 GET /en/auth/login 200 in 262ms (compile: 71ms, proxy.ts: 111ms, render: 80ms)
Exchange rate API failed, using fallback rates.
 GET /api/exchange-rates 200 in 8ms (compile: 4ms, render: 5ms)
 GET /api/geo 200 in 7ms (compile: 2ms, render: 5ms)
 POST /api/auth/log-access 200 in 423ms (compile: 5ms, render: 418ms)
DashboardLayout: Fetching stats for user 522f621e-3e70-40bc-b312-81ba9a105170
getDashboardStats: Starting Promise.all for user 522f621e-3e70-40bc-b312-81ba9a105170
DashboardLayout: Fetching stats for user 522f621e-3e70-40bc-b312-81ba9a105170
getDashboardStats: Starting Promise.all for user 522f621e-3e70-40bc-b312-81ba9a105170
getDashboardStats: Done
DashboardLayout: Stats fetched successfully
 GET /en/profile 200 in 1693ms (compile: 81ms, proxy.ts: 203ms, render: 1409ms)
getDashboardStats: Done
DashboardLayout: Stats fetched successfully
 GET /en/profile 200 in 1412ms (compile: 11ms, proxy.ts: 153ms, render: 1248ms)
getDashboardStats: Starting Promise.all for user 522f621e-3e70-40bc-b312-81ba9a105170
getDashboardStats: Starting Promise.all for user 522f621e-3e70-40bc-b312-81ba9a105170
getDashboardStats: Done
DashboardOverviewPage: Fetching listings for user 522f621e-3e70-40bc-b312-81ba9a105170
getDashboardStats: Done
DashboardOverviewPage: Fetching listings for user 522f621e-3e70-40bc-b312-81ba9a105170
DashboardOverviewPage: Listings fetched successfully
DashboardOverviewPage: Rendering UI
DashboardOverviewPage: Listings fetched successfully
DashboardOverviewPage: Rendering UI
 GET /en/profile/overview 200 in 1754ms (compile: 73ms, proxy.ts: 163ms, render: 1518ms)
 GET /en/profile/overview 200 in 1586ms (compile: 8ms, proxy.ts: 121ms, render: 1457ms)
>>> RENDER HOMEPAGE <<<
AuthProvider: RENDER. URL: https://hnkhwvhjwygolvwvxnor.supabase.co Key length: 208
 GET /api/geo 200 in 15ms (compile: 5ms, render: 10ms)
 GET /noise.png 200 in 573ms (compile: 91ms, render: 483ms)
>>> RENDER HOMEPAGE <<<
>>> RENDER HOMEPAGE <<<
 GET /en/auth/login 200 in 243ms (compile: 81ms, proxy.ts: 8ms, render: 154ms)
>>> RENDER HOMEPAGE <<<
 GET /en/auth/login 200 in 280ms (compile: 52ms, proxy.ts: 8ms, render: 220ms)
 GET /en 200 in 514ms (compile: 14ms, proxy.ts: 4ms, render: 496ms)
 GET /en 200 in 598ms (compile: 22ms, proxy.ts: 11ms, render: 565ms)
AuthProvider: RENDER. URL: https://hnkhwvhjwygolvwvxnor.supabase.co Key length: 208
 GET /en 200 in 299ms (compile: 79ms, proxy.ts: 6ms, render: 214ms)
 GET /en/auth/login 200 in 259ms (compile: 59ms, proxy.ts: 17ms, render: 183ms)
Exchange rate API failed, using fallback rates.
 GET /api/exchange-rates 200 in 10ms (compile: 4ms, render: 6ms)
 GET /api/geo 200 in 7ms (compile: 2ms, render: 5ms)
✓ Compiled in 131ms
✓ Compiled in 147ms
✓ Compiled in 134ms
>>> RENDER HOMEPAGE <<<
AuthProvider: RENDER. URL: https://hnkhwvhjwygolvwvxnor.supabase.co Key length: 208
 GET /en 200 in 873ms (compile: 90ms, proxy.ts: 6ms, render: 777ms)
>>> RENDER HOMEPAGE <<<
AuthProvider: RENDER. URL: https://hnkhwvhjwygolvwvxnor.supabase.co Key length: 208
 GET /en 200 in 667ms (compile: 66ms, proxy.ts: 4ms, render: 597ms)
Error: Route "/[locale]/[slug]" used `params.slug`. `params` is a Promise and must be unwrapped with `await` or `React.use()` before accessing its properties. Learn more: https://nextjs.org/docs/messages/sync-dynamic-apis
    at PublicStaticPage (app/[locale]/(main)/[slug]/page.tsx:14:13)
  12 |
  13 | export default async function PublicStaticPage({ params }: StaticPageProps) {
> 14 |     const { slug } = params
     |             ^
  15 |
  16 |     // Fetch page from database
  17 |     const { data: page, error } = await pagesApi.getBySlug(slug)
AuthProvider: RENDER. URL: https://hnkhwvhjwygolvwvxnor.supabase.co Key length: 208
[ERROR][pagesApi.getBySlug][server]: {
  code: 'PGRST116',
  details: 'The result contains 0 rows',
  hint: null,
  message: 'Cannot coerce the result to a single JSON object'
}
 GET /en/dashboard 404 in 594ms (compile: 81ms, proxy.ts: 122ms, render: 392ms)
Exchange rate API failed, using fallback rates.
 GET /api/exchange-rates 200 in 15ms (compile: 7ms, render: 7ms)
 GET /api/geo 200 in 23ms (compile: 17ms, render: 6ms)
AuthProvider: RENDER. URL: https://hnkhwvhjwygolvwvxnor.supabase.co Key length: 208
AuthProvider: RENDER. URL: https://hnkhwvhjwygolvwvxnor.supabase.co Key length: 208
AuthProvider: RENDER. URL: https://hnkhwvhjwygolvwvxnor.supabase.co Key length: 208
AuthProvider: RENDER. URL: https://hnkhwvhjwygolvwvxnor.supabase.co Key length: 208
>>> RENDER HOMEPAGE <<<
AuthProvider: RENDER. URL: https://hnkhwvhjwygolvwvxnor.supabase.co Key length: 208
 GET /en/profile/overview 200 in 6.7s (compile: 334ms, proxy.ts: 129ms, render: 6.2s)
 GET /noise.png 200 in 1170ms (compile: 89ms, render: 1081ms)
>>> RENDER HOMEPAGE <<<
AuthProvider: RENDER. URL: https://hnkhwvhjwygolvwvxnor.supabase.co Key length: 208
Exchange rate API failed, using fallback rates.
 GET /api/exchange-rates 200 in 365ms (compile: 314ms, render: 51ms)
 GET /api/geo 200 in 388ms (compile: 361ms, render: 27ms)
 GET /en/profile/overview 200 in 9.3s (compile: 28ms, proxy.ts: 1205ms, render: 8.1s)
 GET /noise.png 200 in 2.2s (compile: 41ms, render: 2.1s)
>>> RENDER HOMEPAGE <<<
AuthProvider: RENDER. URL: https://hnkhwvhjwygolvwvxnor.supabase.co Key length: 208
 GET /en/profile/overview 200 in 10.8s (compile: 143ms, proxy.ts: 981ms, render: 9.7s)
>>> RENDER HOMEPAGE <<<
AuthProvider: RENDER. URL: https://hnkhwvhjwygolvwvxnor.supabase.co Key length: 208
Exchange rate API failed, using fallback rates.
 GET /api/exchange-rates 200 in 29ms (compile: 11ms, render: 18ms)
 GET /api/geo 200 in 42ms (compile: 29ms, render: 13ms)
 GET /noise.png 200 in 1850ms (compile: 372ms, render: 1478ms)
 GET /en/profile/overview 200 in 11.6s (compile: 59ms, proxy.ts: 1220ms, render: 10.3s)
AuthProvider: RENDER. URL: https://hnkhwvhjwygolvwvxnor.supabase.co Key length: 208
Exchange rate API failed, using fallback rates.
 GET /api/exchange-rates 200 in 29ms (compile: 9ms, render: 21ms)
 GET /api/geo 200 in 25ms (compile: 9ms, render: 16ms)
⨯ Error: useCurrency must be used within a CurrencyProvider
    at useCurrency (components/providers/currency-provider.tsx:200:11)
    at PriceDisplay (components/ui/price-display.tsx:19:59)
  198 |   const context = useContext(CurrencyContext)
  199 |   if (context === undefined) {
> 200 |     throw new Error('useCurrency must be used within a CurrencyProvider')
      |           ^
  201 |   }
  202 |   return context
  203 | } {
  digest: '348585498'
}
 GET /noise.png 500 in 2.4s (compile: 42ms, render: 2.4s)
AuthProvider: RENDER. URL: https://hnkhwvhjwygolvwvxnor.supabase.co Key length: 208
 GET /api/geo 200 in 14ms (compile: 10ms, render: 4ms)
>>> RENDER HOMEPAGE <<<
>>> RENDER HOMEPAGE <<<
AuthProvider: RENDER. URL: https://hnkhwvhjwygolvwvxnor.supabase.co Key length: 208
 GET /en 200 in 764ms (compile: 109ms, proxy.ts: 7ms, render: 648ms)
 GET /en 200 in 779ms (compile: 98ms, proxy.ts: 10ms, render: 671ms)
>>> RENDER HOMEPAGE <<<
 GET /en/auth/login 200 in 805ms (compile: 155ms, proxy.ts: 19ms, render: 632ms)
 GET /en/profile/overview 307 in 1616ms (compile: 119ms, proxy.ts: 176ms, render: 1321ms)
AuthProvider: RENDER. URL: https://hnkhwvhjwygolvwvxnor.supabase.co Key length: 208
 GET /en/auth/login 200 in 963ms (compile: 98ms, proxy.ts: 18ms, render: 846ms)
 GET /en 200 in 781ms (compile: 188ms, proxy.ts: 45ms, render: 548ms)
 GET /en/auth/login 200 in 1339ms (compile: 74ms, proxy.ts: 241ms, render: 1024ms)
 GET /en/auth/login 200 in 1035ms (compile: 198ms, proxy.ts: 10ms, render: 827ms)
>>> RENDER HOMEPAGE <<<
AuthProvider: RENDER. URL: https://hnkhwvhjwygolvwvxnor.supabase.co Key length: 208
Exchange rate API failed, using fallback rates.
 GET /api/exchange-rates 200 in 37ms (compile: 21ms, render: 16ms)
 GET /api/geo 200 in 73ms (compile: 47ms, render: 26ms)
 GET /en/profile/overview 200 in 7.0s (compile: 326ms, proxy.ts: 430ms, render: 6.3s)
Exchange rate API failed, using fallback rates.
 GET /api/exchange-rates 200 in 154ms (compile: 126ms, render: 28ms)
 GET /api/geo 200 in 190ms (compile: 161ms, render: 28ms)
 GET /noise.png 200 in 1446ms (compile: 239ms, render: 1207ms)
Exchange rate API failed, using fallback rates.
 GET /api/exchange-rates 200 in 62ms (compile: 33ms, render: 29ms)
 GET /api/geo 200 in 61ms (compile: 54ms, render: 6ms)
 POST /api/auth/log-access 200 in 882ms (compile: 39ms, render: 844ms)
>>> RENDER HOMEPAGE <<<
>>> RENDER HOMEPAGE <<<
>>> RENDER HOMEPAGE <<<
 GET /en 200 in 1312ms (compile: 180ms, proxy.ts: 12ms, render: 1120ms)
 GET /en 200 in 1180ms (compile: 200ms, proxy.ts: 29ms, render: 951ms)
 GET /en 200 in 959ms (compile: 285ms, proxy.ts: 9ms, render: 665ms)
 GET /en/auth/login 200 in 975ms (compile: 400ms, proxy.ts: 13ms, render: 563ms)
>>> RENDER HOMEPAGE <<<
 GET /en/auth/login 200 in 656ms (compile: 130ms, proxy.ts: 39ms, render: 487ms)
 GET /en/profile 200 in 2.6s (compile: 309ms, proxy.ts: 348ms, render: 1924ms)
AuthProvider: RENDER. URL: https://hnkhwvhjwygolvwvxnor.supabase.co Key length: 208
 GET /en/auth/login 200 in 618ms (compile: 84ms, proxy.ts: 19ms, render: 516ms)
 GET /en 200 in 479ms (compile: 131ms, proxy.ts: 28ms, render: 321ms)
 GET /en/profile 200 in 2.0s (compile: 147ms, proxy.ts: 460ms, render: 1420ms)
 GET /en/auth/login 200 in 417ms (compile: 115ms, proxy.ts: 23ms, render: 279ms)
Exchange rate API failed, using fallback rates.
 GET /api/exchange-rates 200 in 62ms (compile: 50ms, render: 12ms)
 GET /api/geo 200 in 75ms (compile: 65ms, render: 10ms)
 GET /en/profile/overview 200 in 1632ms (compile: 175ms, proxy.ts: 183ms, render: 1273ms)
 GET /en/profile/overview 200 in 1698ms (compile: 18ms, proxy.ts: 272ms, render: 1408ms)
>>> RENDER HOMEPAGE <<<
AuthProvider: RENDER. URL: https://hnkhwvhjwygolvwvxnor.supabase.co Key length: 208
 GET /noise.png 200 in 230ms (compile: 94ms, render: 136ms)
